<?xml version="1.0" encoding="UTF-8"?>
<!-- Generated by org.testng.reporters.JUnitReportReporter -->
<testsuite hostname="Gauravshimpi" failures="0" tests="1" name="Event.EnabledEvent" time="16.951" errors="0" timestamp="2022-11-14T19:22:25 IST" skipped="0">
  <testcase classname="Event.EnabledEvent" name="Test_EnrichedCode" time="16.951"/>
  <system-out>
    <![CDATA[Enabled Events are coming as Expected. ]]>
  </system-out>
</testsuite> <!-- Event.EnabledEvent -->
