<?xml version="1.0" encoding="UTF-8"?>
<!-- Generated by org.testng.reporters.JUnitReportReporter -->
<testsuite hostname="Gauravshimpi" failures="0" tests="1" name="testScripts.TestLoginPage" time="26.104" errors="0" timestamp="2022-11-14T12:31:16 IST" skipped="0">
  <testcase classname="testScripts.TestLoginPage" name="HomePage" time="26.104"/>
  <system-out/>
</testsuite> <!-- testScripts.TestLoginPage -->
