<?xml version="1.0" encoding="UTF-8"?>
<!-- Generated by org.testng.reporters.JUnitReportReporter -->
<testsuite hostname="Gauravshimpi" failures="0" tests="1" name="Event.SuspendedEvents" time="16.356" errors="0" timestamp="2022-11-15T18:09:40 IST" skipped="0">
  <testcase classname="Event.SuspendedEvents" name="Test_EnrichedCode" time="16.356"/>
  <system-out>
    <![CDATA[Disabled Events are coming as Expected. ]]>
  </system-out>
</testsuite> <!-- Event.SuspendedEvents -->
