<?xml version="1.0" encoding="UTF-8"?>
<!-- Generated by org.testng.reporters.JUnitReportReporter -->
<testsuite hostname="Gauravshimpi" failures="0" tests="1" name="Event.DisabledEvent" time="25.369" errors="0" timestamp="2022-11-16T18:30:45 IST" skipped="0">
  <testcase classname="Event.DisabledEvent" name="testDisabledEvents" time="25.369"/>
  <system-out>
    <![CDATA[Disabled Events are coming as Expected. ]]>
  </system-out>
</testsuite> <!-- Event.DisabledEvent -->
