<?xml version="1.0" encoding="UTF-8"?>
<!-- Generated by org.testng.reporters.JUnitReportReporter -->
<testsuite hostname="Gauravshimpi" failures="0" tests="1" name="testCases.Test_AllCompleteTI_in_Priority_list" time="15.837" errors="0" timestamp="2022-11-07T17:51:06 IST" skipped="0">
  <testcase classname="testCases.Test_AllCompleteTI_in_Priority_list" name="PriorityTest" time="15.837"/>
  <system-out/>
</testsuite> <!-- testCases.Test_AllCompleteTI_in_Priority_list -->
