<?xml version="1.0" encoding="UTF-8"?>
<!-- Generated by org.testng.reporters.JUnitReportReporter -->
<testsuite hostname="Gauravshimpi" failures="0" tests="1" name="Event.Event" time="34.576" errors="0" timestamp="2022-11-14T18:14:43 IST" skipped="0">
  <testcase classname="Event.Event" name="Test_EnrichedCode" time="34.576"/>
  <system-out/>
</testsuite> <!-- Event.Event -->
