<?xml version="1.0" encoding="UTF-8"?>
<!-- Generated by org.testng.reporters.JUnitReportReporter -->
<testsuite hostname="Gauravshimpi" failures="0" tests="1" name="testCases.createEvent" time="23.594" errors="0" timestamp="2022-11-07T18:22:51 IST" skipped="0">
  <testcase classname="testCases.createEvent" name="CreateEvent" time="23.594"/>
  <system-out/>
</testsuite> <!-- testCases.createEvent -->
