<?xml version="1.0" encoding="UTF-8"?>
<!-- Generated by org.testng.reporters.JUnitReportReporter -->
<testsuite hostname="Gauravshimpi" failures="0" tests="1" name="trialPackage.Test_AllCompleteTI_in_Priority_list" time="14.635" errors="0" timestamp="2022-11-04T16:49:24 IST" skipped="0">
  <testcase classname="trialPackage.Test_AllCompleteTI_in_Priority_list" name="PriorityTest" time="14.635"/>
  <system-out/>
</testsuite> <!-- trialPackage.Test_AllCompleteTI_in_Priority_list -->
