<?xml version="1.0" encoding="UTF-8"?>
<!-- Generated by org.testng.reporters.JUnitReportReporter -->
<testsuite hostname="Gauravshimpi" failures="0" tests="1" name="Event.DisabledEvent2" time="28.065" errors="0" timestamp="2022-11-14T18:57:41 IST" skipped="0">
  <testcase classname="Event.DisabledEvent2" name="Test_EnrichedCode" time="28.065"/>
  <system-out>
    <![CDATA[Disabled Events are coming as Expected. ]]>
  </system-out>
</testsuite> <!-- Event.DisabledEvent2 -->
