<?xml version="1.0" encoding="UTF-8"?>
<!-- Generated by org.testng.reporters.JUnitReportReporter -->
<testsuite hostname="Gauravshimpi" failures="0" tests="1" name="testScripts.createEvent" time="26.318" errors="0" timestamp="2022-11-14T13:54:20 IST" skipped="0">
  <testcase classname="testScripts.createEvent" name="CreateEvent" time="26.318"/>
  <system-out/>
</testsuite> <!-- testScripts.createEvent -->
