<?xml version="1.0" encoding="UTF-8"?>
<!-- Generated by org.testng.reporters.JUnitReportReporter -->
<testsuite hostname="Gauravshimpi" failures="0" tests="1" name="Event.EnrichedEvents" time="11.019" errors="0" timestamp="2022-11-15T09:22:34 IST" skipped="0">
  <testcase classname="Event.EnrichedEvents" name="Test_EnrichedCode" time="11.019"/>
  <system-out>
    <![CDATA[Enriched Events are coming as Expected. ]]>
  </system-out>
</testsuite> <!-- Event.EnrichedEvents -->
