<?xml version="1.0" encoding="UTF-8"?>
<!-- Generated by org.testng.reporters.JUnitReportReporter -->
<testsuite hostname="Gauravshimpi" failures="0" tests="1" name="testScripts.TrialCreateEvent" time="13.679" errors="0" timestamp="2022-11-11T14:08:56 IST" skipped="0">
  <testcase classname="testScripts.TrialCreateEvent" name="CreateEvent01" time="13.679"/>
  <system-out/>
</testsuite> <!-- testScripts.TrialCreateEvent -->
