<?xml version="1.0" encoding="UTF-8"?>
<!-- Generated by org.testng.reporters.JUnitReportReporter -->
<testsuite hostname="Gauravshimpi" failures="0" tests="1" name="Event.UnableToCreateEvent" time="19.854" errors="0" timestamp="2022-11-15T17:57:41 IST" skipped="0">
  <testcase classname="Event.UnableToCreateEvent" name="CreateEvent" time="19.854"/>
  <system-out/>
</testsuite> <!-- Event.UnableToCreateEvent -->
