<?xml version="1.0" encoding="UTF-8"?>
<!-- Generated by org.testng.reporters.JUnitReportReporter -->
<testsuite hostname="Gauravshimpi" failures="0" tests="1" name="Event.TCEVT0082" time="26.772" errors="0" timestamp="2022-11-15T18:44:09 IST" skipped="0">
  <testcase classname="Event.TCEVT0082" name="Test_EnrichedCode" time="26.772"/>
  <system-out/>
</testsuite> <!-- Event.TCEVT0082 -->
