<?xml version="1.0" encoding="UTF-8"?>
<!-- Generated by org.testng.reporters.JUnitReportReporter -->
<testsuite hostname="Gauravshimpi" failures="0" tests="1" name="Event.checkSdkVersion2" time="15.353" errors="0" timestamp="2022-11-15T16:53:01 IST" skipped="0">
  <testcase classname="Event.checkSdkVersion2" name="verifyCorrectSDK_version" time="15.353"/>
  <system-out/>
</testsuite> <!-- Event.checkSdkVersion2 -->
