<?xml version="1.0" encoding="UTF-8"?>
<!-- Generated by org.testng.reporters.JUnitReportReporter -->
<testsuite hostname="Gauravshimpi" failures="0" tests="1" name="testScripts.login_HTML5" time="6.291" errors="0" timestamp="2022-11-14T14:08:25 IST" skipped="0">
  <testcase classname="testScripts.login_HTML5" name="login_HTML5" time="6.291"/>
  <system-out/>
</testsuite> <!-- testScripts.login_HTML5 -->
