<?xml version="1.0" encoding="UTF-8"?>
<!-- Generated by org.testng.reporters.JUnitReportReporter -->
<testsuite hostname="Gauravshimpi" failures="0" tests="1" name="testCases.login_HTML5" time="6.260" errors="0" timestamp="2022-11-07T18:28:06 IST" skipped="0">
  <testcase classname="testCases.login_HTML5" name="login_HTML5" time="6.260"/>
  <system-out/>
</testsuite> <!-- testCases.login_HTML5 -->
